<?xml version="1.0" encoding="UTF-8"?>
<!-- Generated by org.testng.reporters.JUnitReportReporter -->
<testsuite hostname="LAPTOP-L82634T5" failures="0" tests="6" name="testpackage.Targettest" time="37.916" errors="0" timestamp="2024-11-06T23:44:42 IST" skipped="0">
  <testcase classname="testpackage.Targettest" name="test3" time="0.046"/>
  <system-out/>
  <testcase classname="testpackage.Targettest" name="test6" time="8.248"/>
  <system-out/>
  <testcase classname="testpackage.Targettest" name="test2" time="0.124"/>
  <system-out/>
  <testcase classname="testpackage.Targettest" name="test4" time="5.472"/>
  <system-out/>
  <testcase classname="testpackage.Targettest" name="test5" time="15.953"/>
  <system-out/>
  <testcase classname="testpackage.Targettest" name="test1" time="8.073"/>
  <system-out/>
</testsuite> <!-- testpackage.Targettest -->
